<?xml version="1.0" encoding="UTF-8"?>
<!-- Generated by org.testng.reporters.JUnitXMLReporter -->
<testsuite ignored="1" hostname="silvershades" failures="1" tests="5" name="Test" time="0.137" errors="0" timestamp="2022-04-01T12:13:56 IST">
  <testcase classname="Testclass31march.listerner" name="c" time="0.015"/>
  <testcase classname="Testclass31march.listerner" name="b" time="0.002"/>
  <testcase classname="Testclass31march.listerner" name="a" time="0.005"/>
  <testcase classname="Testclass31march.listerner" name="d" time="0.014"/>
  <testcase classname="Testclass31march.listerner" name="e" time="0.007">
    <failure type="java.lang.AssertionError" message="null">
      <![CDATA[java.lang.AssertionError: null
at Testclass31march.listerner.e(listerner.java:35)
at java.base/java.util.ArrayList.forEach(ArrayList.java:1541)
... Removed 29 stack frames]]>
    </failure>
  </testcase> <!-- e -->
  <testcase classname="Testclass31march.listerner" name="f" time="0.0">
    <ignored/>
  </testcase> <!-- f -->
</testsuite> <!-- Test -->
